TN:
SF:01-requestcount.js
FN:12,calculateRequests
FNF:1
FNH:1
FNDA:12,calculateRequests
DA:1,1
DA:2,1
DA:3,1
DA:4,1
DA:5,1
DA:6,1
DA:7,1
DA:8,1
DA:9,1
DA:10,1
DA:11,1
DA:12,12
DA:13,12
DA:14,12
DA:15,12
DA:16,1
DA:17,1
DA:18,1
DA:19,10
DA:20,1
DA:21,1
DA:22,1
DA:23,0
DA:24,1
DA:25,1
DA:26,1
DA:27,2
DA:28,1
DA:29,1
DA:30,1
LF:30
LH:29
BRDA:12,0,0,12
BRDA:18,1,0,10
BRDA:26,2,0,2
BRF:3
BRH:3
end_of_record
TN:
SF:02-ratelimitter.js
FN:19,calculateRequests
FNF:1
FNH:1
FNDA:13,calculateRequests
DA:1,1
DA:2,1
DA:3,1
DA:4,1
DA:5,1
DA:6,1
DA:7,1
DA:8,1
DA:9,1
DA:10,1
DA:11,1
DA:12,1
DA:13,1
DA:14,1
DA:15,1
DA:16,1
DA:17,2
DA:18,1
DA:19,13
DA:20,13
DA:21,13
DA:22,13
DA:23,11
DA:24,11
DA:25,7
DA:26,7
DA:27,7
DA:28,11
DA:29,4
DA:30,4
DA:31,11
DA:32,13
DA:33,2
DA:34,2
DA:35,2
DA:36,13
DA:37,13
DA:38,13
DA:39,1
DA:40,1
DA:41,6
DA:42,6
DA:43,1
DA:44,1
DA:45,1
DA:46,0
DA:47,1
DA:48,1
DA:49,1
LF:49
LH:48
BRDA:16,0,0,2
BRDA:19,1,0,13
BRDA:22,2,0,11
BRDA:24,3,0,7
BRDA:28,4,0,4
BRDA:32,5,0,2
BRDA:40,6,0,6
BRF:7
BRH:7
end_of_record
TN:
SF:03-errorcount.js
FN:7,trackErrors
FNF:1
FNH:1
FNDA:11,trackErrors
DA:1,1
DA:2,1
DA:3,1
DA:4,1
DA:5,1
DA:6,1
DA:7,11
DA:8,11
DA:9,11
DA:10,11
DA:11,11
DA:12,11
DA:13,11
DA:14,11
DA:15,11
DA:16,1
DA:17,1
DA:18,1
DA:19,1
DA:20,1
DA:21,1
DA:22,1
DA:23,1
DA:24,11
DA:25,0
DA:26,1
DA:27,1
DA:28,1
DA:29,0
DA:30,1
DA:31,1
DA:32,1
DA:33,2
DA:34,1
DA:35,1
DA:36,1
DA:37,1
LF:37
LH:35
BRDA:7,0,0,11
BRDA:23,1,0,11
BRDA:24,2,0,0
BRDA:32,3,0,2
BRF:4
BRH:3
end_of_record
